This is LuaHBTeX, Version 1.14.0 (TeX Live 2022/dev/Debian)  (format=lualatex 2022.9.30)  22 MAY 2023 21:44
 system commands enabled.
**report.tex
(./report.tex
LaTeX2e <2021-11-15> patch level 1
Lua module: luaotfload 2021-05-21 3.18 Lua based OpenType font support
Lua module: lualibs 2021-05-20 2.74 ConTeXt Lua standard libraries.
Lua module: lualibs-extended 2021-05-20 2.74 ConTeXt Lua libraries -- extended c
ollection.
luaotfload | conf : Root cache directory is "/home/prianechka/.texlive2021/texmf
-var/luatex-cache/generic/names".
luaotfload | init : Loading fontloader "fontloader-2021-05-20.lua" from kpse-res
olved path "/usr/share/texlive/texmf-dist/tex/luatex/luaotfload/fontloader-2021-
05-20.lua".
Lua-only attribute luaotfload@noligature = 1
Lua-only attribute luaotfload@syllabe = 2
luaotfload | init : Context OpenType loader version 3.116
Inserting `luaotfload.node_processor' at position 1 in `pre_linebreak_filter'.
Inserting `luaotfload.node_processor' at position 1 in `hpack_filter'.
Inserting `luaotfload.glyph_stream' at position 1 in `glyph_stream_provider'.
Inserting `luaotfload.define_font' at position 1 in `define_font'.
Lua-only attribute luaotfload_color_attribute = 3
luaotfload | conf : Root cache directory is "/home/prianechka/.texlive2021/texmf
-var/luatex-cache/generic/names".
Inserting `luaotfload.harf.strip_prefix' at position 1 in `find_opentype_file'.
Inserting `luaotfload.harf.strip_prefix' at position 1 in `find_truetype_file'.
Inserting `luaotfload.harf.finalize_vlist' at position 1 in `post_linebreak_filt
er'.
Inserting `luaotfload.harf.finalize_hlist' at position 2 in `hpack_filter'.
Inserting `luaotfload.cleanup_files' at position 1 in `wrapup_run'.
Inserting `luaotfload.harf.finalize_unicode' at position 1 in `finish_pdffile'.
Inserting `luaotfload.glyphinfo' at position 1 in `glyph_info'.
Lua-only attribute luaotfload.letterspace_done = 4
Inserting `luaotfload.aux.set_sscale_dimens' at position 1 in `luaotfload.patch_
font'.
Inserting `luaotfload.aux.set_font_index' at position 2 in `luaotfload.patch_fon
t'.
Inserting `luaotfload.aux.patch_cambria_domh' at position 3 in `luaotfload.patch
_font'.
Inserting `luaotfload.aux.fixup_fontdata' at position 1 in `luaotfload.patch_fon
t_unsafe'.
Inserting `luaotfload.aux.set_capheight' at position 4 in `luaotfload.patch_font
'.
Inserting `luaotfload.aux.set_xheight' at position 5 in `luaotfload.patch_font'.
Inserting `luaotfload.rewrite_fontname' at position 6 in `luaotfload.patch_font'
. L3 programming layer <2022-01-21>
Inserting `tracingstacklevels' at position 1 in `input_level_string'.
(/usr/share/texlive/texmf-dist/tex/latex/extsizes/extarticle.cls
Document Class: extarticle 1996/10/08 v1.0 Non Standard LaTeX document class
(/usr/share/texlive/texmf-dist/tex/latex/extsizes/size14.clo
File: size14.clo 1999/11/11 v1.4a NON-Standard LaTeX file (size option)
luaotfload | db : Font names database loaded from /home/prianechka/.texlive2021/
texmf-var/luatex-cache/generic/names/luaotfload-names.luc)
(/usr/share/texlive/texmf-dist/tex/latex/base/exscale.sty
Package: exscale 2018/09/24 v2.1i Standard LaTeX package exscale
LaTeX Font Info:    Redeclaring symbol font `largesymbols' on input line 57.
LaTeX Font Info:    Overwriting symbol font `largesymbols' in version `normal'
(Font)                  OMX/cmex/m/n --> OMX/cmex/m/n on input line 57.
LaTeX Font Info:    Overwriting symbol font `largesymbols' in version `bold'
(Font)                  OMX/cmex/m/n --> OMX/cmex/m/n on input line 57.
\big@size=\dimen137
)
\c@part=\count183
\c@section=\count184
\c@subsection=\count185
\c@subsubsection=\count186
\c@paragraph=\count187
\c@subparagraph=\count188
\c@figure=\count189
\c@table=\count190
\abovecaptionskip=\skip47
\belowcaptionskip=\skip48
\bibindent=\dimen138
)

LaTeX Warning: \include should only be used after \begin{document} on input lin
e 4.

(./preambul.tex (/usr/share/texlive/texmf-dist/tex/latex/t2/mathtext.sty
Package: mathtext 2018/04/14 v1.0 transparent text-and-math defs
LaTeX Info: Redefining \halign on input line 121.
)
(/usr/share/texlive/texmf-dist/tex/latex/amsmath/amsmath.sty
Package: amsmath 2021/10/15 v2.17l AMS math features
\@mathmargin=\skip49

For additional information on amsmath, use the `?' option.
(/usr/share/texlive/texmf-dist/tex/latex/amsmath/amstext.sty
Package: amstext 2021/08/26 v2.01 AMS text

(/usr/share/texlive/texmf-dist/tex/latex/amsmath/amsgen.sty
File: amsgen.sty 1999/11/30 v2.0 generic functions
\@emptytoks=\toks16
\ex@=\dimen139
))
(/usr/share/texlive/texmf-dist/tex/latex/amsmath/amsbsy.sty
Package: amsbsy 1999/11/29 v1.2d Bold Symbols
\pmbraise@=\dimen140
)
(/usr/share/texlive/texmf-dist/tex/latex/amsmath/amsopn.sty
Package: amsopn 2021/08/26 v2.02 operator names
)
\inf@bad=\count191
LaTeX Info: Redefining \frac on input line 236.
\uproot@=\count192
\leftroot@=\count193
LaTeX Info: Redefining \overline on input line 399.
\classnum@=\count194
\DOTSCASE@=\count195
LaTeX Info: Redefining \ldots on input line 496.
LaTeX Info: Redefining \dots on input line 499.
LaTeX Info: Redefining \cdots on input line 620.
\Mathstrutbox@=\box50
\strutbox@=\box51
\big@size=\dimen141
LaTeX Font Info:    Redeclaring font encoding OML on input line 743.
\symOMLletters=\mathgroup4
LaTeX Font Info:    Redeclaring font encoding OMS on input line 744.
\symOMSletters=\mathgroup5
\macc@depth=\count196
\c@MaxMatrixCols=\count197
\dotsspace@=\muskip16
\c@parentequation=\count198
\dspbrk@lvl=\count199
\tag@help=\toks17
\row@=\count266
\column@=\count267
\maxfields@=\count268
\andhelp@=\toks18
\eqnshift@=\dimen142
\alignsep@=\dimen143
\tagshift@=\dimen144
\tagwidth@=\dimen145
\totwidth@=\dimen146
\lineht@=\dimen147
\@envbody=\toks19
\multlinegap=\skip50
\multlinetaggap=\skip51
\mathdisplay@stack=\toks20
LaTeX Info: Redefining \[ on input line 2938.
LaTeX Info: Redefining \] on input line 2939.
)
(/usr/share/texlive/texmf-dist/tex/latex/amsfonts/amsfonts.sty
Package: amsfonts 2013/01/14 v3.01 Basic AMSFonts support
\symAMSa=\mathgroup6
\symAMSb=\mathgroup7
LaTeX Font Info:    Redeclaring math symbol \hbar on input line 98.
LaTeX Font Info:    Overwriting math alphabet `\mathfrak' in version `bold'
(Font)                  U/euf/m/n --> U/euf/b/n on input line 106.
)
(/usr/share/texlive/texmf-dist/tex/latex/amsfonts/amssymb.sty
Package: amssymb 2013/01/14 v3.01 AMS font symbols
)
(/usr/share/texlive/texmf-dist/tex/generic/babel/babel.sty
Package: babel 2022/01/26 3.70 The Babel package

(/usr/share/texlive/texmf-dist/tex/generic/babel/luababel.def
\bbl@readstream=\read2
\l@dumylang=\language2
Package babel Info: Non-standard hyphenation setup on input line 118.
\l@nohyphenation=\language3
\l@ngerman=\language4
\l@spanish=\language5
\l@georgian=\language6
\l@kannada=\language7
\l@pali=\language8
\l@czech=\language9
\l@dutch=\language10
\l@romanian=\language11
\l@portuguese=\language12
\l@irish=\language13
\l@italian=\language14
\l@oriya=\language15
\l@danish=\language16
\l@monogreek=\language17
\l@german=\language18
\l@bengali=\language19
\l@panjabi=\language20
\l@churchslavonic=\language21
\l@latvian=\language22
\l@greek=\language23
\l@ibycus=\language24
\l@pinyin=\language25
\l@basque=\language26
\l@hungarian=\language27
\l@armenian=\language28
\l@kurmanji=\language29
\l@nynorsk=\language30
\l@interlingua=\language31
\l@polish=\language32
\l@swissgerman=\language33
\l@bulgarian=\language34
\l@ukenglish=\language35
\l@lithuanian=\language36
\l@schoolfinnish=\language37
\l@estonian=\language38
\l@macedonian=\language39
\l@friulan=\language40
\l@sanskrit=\language41
\l@turkish=\language42
\l@afrikaans=\language43
\l@liturgicallatin=\language44
\l@classiclatin=\language45
\l@romansh=\language46
\l@bokmal=\language47
\l@swedish=\language48
\l@catalan=\language49
\l@uppersorbian=\language50
\l@french=\language51
\l@belarusian=\language52
\l@tamil=\language53
\l@piedmontese=\language54
\l@ancientgreek=\language55
\l@usenglishmax=\language56
\l@slovak=\language57
\l@arabic=\language58
\l@telugu=\language59
\l@ethiopic=\language60
\l@mongolian=\language61
\l@indonesian=\language62
\l@mongolianlmc=\language63
\l@turkmen=\language64
\l@serbianc=\language65
\l@ngerman-x-2021-02-26=\language66
\l@croatian=\language67
\l@coptic=\language68
\l@farsi=\language69
\l@assamese=\language70
\l@icelandic=\language71
\l@occitan=\language72
\l@hindi=\language73
\l@finnish=\language74
\l@gujarati=\language75
\l@thai=\language76
\l@german-x-2021-02-26=\language77
\l@russian=\language78
\l@ukrainian=\language79
\l@marathi=\language80
\l@slovenian=\language81
\l@serbian=\language82
\l@malayalam=\language83
\l@latin=\language84
\l@galician=\language85
\l@welsh=\language86
\l@esperanto=\language87
\babelcatcodetablenum=\catcodetable12
\bbl@pattcodes=\catcodetable13
)
\babel@savecnt=\count269
\U@D=\dimen148
\l@unhyphenated=\language88

(/usr/share/texlive/texmf-dist/tex/generic/babel/luababel.def
\bbl@attr@locale=\attribute5
)
(/usr/share/texlive/texmf-dist/tex/generic/babel-russian/russianb.ldf
File: russianb.ldf 2021/01/10 1.3m Russian support for the Babel system
Language: russian 2020/09/09 1.3k Russian support for the Babel system
Package babel Info: Making " an active character on input line 124.
Package babel Info: Default for \cyrdash is provided on input line 163.

(/usr/share/texlive/texmf-dist/tex/generic/hyph-utf8/loadhyph/loadhyph-ru.tex
UTF-8 Russian hyphenation patterns
(/usr/share/texlive/texmf-dist/tex/generic/hyph-utf8/patterns/tex/hyph-ru.tex)))
) (/usr/share/texlive/texmf-dist/tex/latex/base/latexsym.sty
Package: latexsym 1998/08/17 v2.2e Standard LaTeX package (lasy symbols)
\symlasy=\mathgroup8
LaTeX Font Info:    Overwriting symbol font `lasy' in version `bold'
(Font)                  U/lasy/m/n --> U/lasy/b/n on input line 52.
)
(/usr/share/texlive/texmf-dist/tex/latex/tools/indentfirst.sty
Package: indentfirst 1995/11/23 v1.03 Indent first paragraph (DPC)
)
(/usr/share/texlive/texmf-dist/tex/latex/mathtools/mathtools.sty
Package: mathtools 2021/02/02 v1.28 mathematical typesetting tools

(/usr/share/texlive/texmf-dist/tex/latex/graphics/keyval.sty
Package: keyval 2014/10/28 v1.15 key=value parser (DPC)
\KV@toks@=\toks21
)
(/usr/share/texlive/texmf-dist/tex/latex/tools/calc.sty
Package: calc 2017/05/25 v4.3 Infix arithmetic (KKT,FJ)
\calc@Acount=\count270
\calc@Bcount=\count271
\calc@Adimen=\dimen149
\calc@Bdimen=\dimen150
\calc@Askip=\skip52
\calc@Bskip=\skip53
LaTeX Info: Redefining \setlength on input line 80.
LaTeX Info: Redefining \addtolength on input line 81.
\calc@Ccount=\count272
\calc@Cskip=\skip54
)
(/usr/share/texlive/texmf-dist/tex/latex/mathtools/mhsetup.sty
Package: mhsetup 2021/03/18 v1.4 programming setup (MH)
)
\g_MT_multlinerow_int=\count273
\l_MT_multwidth_dim=\dimen151
\origjot=\skip55
\l_MT_shortvdotswithinadjustabove_dim=\dimen152
\l_MT_shortvdotswithinadjustbelow_dim=\dimen153
\l_MT_above_intertext_sep=\dimen154
\l_MT_below_intertext_sep=\dimen155
\l_MT_above_shortintertext_sep=\dimen156
\l_MT_below_shortintertext_sep=\dimen157
\xmathstrut@box=\box52
\xmathstrut@dim=\dimen158
)
(/usr/share/texlive/texmf-dist/tex/latex/graphics/graphicx.sty
Package: graphicx 2021/09/16 v1.2d Enhanced LaTeX Graphics (DPC,SPQR)

(/usr/share/texlive/texmf-dist/tex/latex/graphics/graphics.sty
Package: graphics 2021/03/04 v1.4d Standard LaTeX Graphics (DPC,SPQR)

(/usr/share/texlive/texmf-dist/tex/latex/graphics/trig.sty
Package: trig 2021/08/11 v1.11 sin cos tan (DPC)
)
(/usr/share/texlive/texmf-dist/tex/latex/graphics-cfg/graphics.cfg
File: graphics.cfg 2016/06/04 v1.11 sample graphics configuration
)
Package graphics Info: Driver file: luatex.def on input line 107.

(/usr/share/texlive/texmf-dist/tex/latex/graphics-def/luatex.def
File: luatex.def 2021/06/01 v1.2c Graphics/color driver for luatex
))
\Gin@req@height=\dimen159
\Gin@req@width=\dimen160
)
(/usr/share/texlive/texmf-dist/tex/latex/csvsimple/csvsimple.sty
(/usr/share/texlive/texmf-dist/tex/latex/l3packages/l3keys2e/l3keys2e.sty
(/usr/share/texlive/texmf-dist/tex/latex/l3kernel/expl3.sty
Package: expl3 2022-01-21 L3 programming layer (loader) 

(/usr/share/texlive/texmf-dist/tex/latex/l3backend/l3backend-luatex.def
File: l3backend-luatex.def 2022-01-12 L3 backend support: PDF output (LuaTeX)
\l__color_backend_stack_int=\count274
\l__pdf_internal_box=\box53
))
Package: l3keys2e 2022-01-12 LaTeX2e option processing using LaTeX3 keys
)
Package: csvsimple 2022/02/01 v2.3.0 LaTeX CSV file processing
)
(/usr/share/texlive/texmf-dist/tex/latex/csvsimple/csvsimple-legacy.sty
Package: csvsimple-legacy 2022/02/01 version 2.3.0 LaTeX2e CSV file processing

(/usr/share/texlive/texmf-dist/tex/latex/pgf/utilities/pgfrcs.sty
(/usr/share/texlive/texmf-dist/tex/generic/pgf/utilities/pgfutil-common.tex
\pgfutil@everybye=\toks22
\pgfutil@tempdima=\dimen161
\pgfutil@tempdimb=\dimen162

(/usr/share/texlive/texmf-dist/tex/generic/pgf/utilities/pgfutil-common-lists.t
ex)) (/usr/share/texlive/texmf-dist/tex/generic/pgf/utilities/pgfutil-latex.def
\pgfutil@abb=\box54
) (/usr/share/texlive/texmf-dist/tex/generic/pgf/utilities/pgfrcs.code.tex
(/usr/share/texlive/texmf-dist/tex/generic/pgf/pgf.revision.tex)
Package: pgfrcs 2021/05/15 v3.1.9a (3.1.9a)
))
(/usr/share/texlive/texmf-dist/tex/latex/pgf/utilities/pgfkeys.sty
(/usr/share/texlive/texmf-dist/tex/generic/pgf/utilities/pgfkeys.code.tex
\pgfkeys@pathtoks=\toks23
\pgfkeys@temptoks=\toks24

(/usr/share/texlive/texmf-dist/tex/generic/pgf/utilities/pgfkeysfiltered.code.t
ex
\pgfkeys@tmptoks=\toks25
))) (/usr/share/texlive/texmf-dist/tex/latex/base/ifthen.sty
Package: ifthen 2020/11/24 v1.1c Standard LaTeX ifthen package (DPC)
)
(/usr/share/texlive/texmf-dist/tex/latex/etoolbox/etoolbox.sty
Package: etoolbox 2020/10/05 v2.5k e-TeX tools for LaTeX (JAW)
\etb@tempcnta=\count275
)
(/usr/share/texlive/texmf-dist/tex/latex/tools/shellesc.sty
Package: shellesc 2019/11/08 v1.0c unified shell escape interface for LaTeX
Package shellesc Info: Unrestricted shell escape enabled on input line 75.
)
\csv@file=\read3
\c@csvinputline=\count276
\c@csvrow=\count277
\c@csvcol=\count278
\csv@out=\write3
)
(/usr/share/texlive/texmf-dist/tex/latex/geometry/geometry.sty
Package: geometry 2020/01/02 v5.9 Page Geometry

(/usr/share/texlive/texmf-dist/tex/generic/iftex/ifvtex.sty
Package: ifvtex 2019/10/25 v1.7 ifvtex legacy package. Use iftex instead.

(/usr/share/texlive/texmf-dist/tex/generic/iftex/iftex.sty
Package: iftex 2020/03/06 v1.0d TeX engine tests
))
\Gm@cnth=\count279
\Gm@cntv=\count280
\c@Gm@tempcnt=\count281
\Gm@bindingoffset=\dimen163
\Gm@wd@mp=\dimen164
\Gm@odd@mp=\dimen165
\Gm@even@mp=\dimen166
\Gm@layoutwidth=\dimen167
\Gm@layoutheight=\dimen168
\Gm@layouthoffset=\dimen169
\Gm@layoutvoffset=\dimen170
\Gm@dimlist=\toks26
)
(/usr/share/texlive/texmf-dist/tex/latex/graphics/color.sty
Package: color 2021/12/07 v1.3c Standard LaTeX Color (DPC)

(/usr/share/texlive/texmf-dist/tex/latex/graphics-cfg/color.cfg
File: color.cfg 2016/01/02 v1.6 sample color configuration
)
Package color Info: Driver file: luatex.def on input line 149.
)
(/usr/share/texlive/texmf-dist/tex/latex/listings/listings.sty
\lst@mode=\count282
\lst@gtempboxa=\box55
\lst@token=\toks27
\lst@length=\count283
\lst@currlwidth=\dimen171
\lst@column=\count284
\lst@pos=\count285
\lst@lostspace=\dimen172
\lst@width=\dimen173
\lst@newlines=\count286
\lst@lineno=\count287
\lst@maxwidth=\dimen174

(/usr/share/texlive/texmf-dist/tex/latex/listings/lstmisc.sty
File: lstmisc.sty 2020/03/24 1.8d (Carsten Heinz)
\c@lstnumber=\count288
\lst@skipnumbers=\count289
\lst@framebox=\box56
)
(/usr/share/texlive/texmf-dist/tex/latex/listings/listings.cfg
File: listings.cfg 2020/03/24 1.8d listings configuration
))
Package: listings 2020/03/24 1.8d (Carsten Heinz)

(/usr/share/texlive/texmf-dist/tex/latex/pythonhighlight/pythonhighlight.sty
Package: pythonhighlight 2017/02/09 python code highlighting; provided by Olivi
er Verdier <olivier.verdier@gmail.com>

(/usr/share/texlive/texmf-dist/tex/latex/xcolor/xcolor.sty
Package: xcolor 2021/10/31 v2.13 LaTeX color extensions (UK)

(/usr/share/texlive/texmf-dist/tex/latex/graphics-cfg/color.cfg
File: color.cfg 2016/01/02 v1.6 sample color configuration
)
Package xcolor Info: Driver file: luatex.def on input line 227.
LaTeX Info: Redefining \color on input line 711.
Package xcolor Info: Model `cmy' substituted by `cmy0' on input line 1352.
Package xcolor Info: Model `hsb' substituted by `rgb' on input line 1356.
Package xcolor Info: Model `RGB' extended on input line 1368.
Package xcolor Info: Model `HTML' substituted by `rgb' on input line 1370.
Package xcolor Info: Model `Hsb' substituted by `hsb' on input line 1371.
Package xcolor Info: Model `tHsb' substituted by `hsb' on input line 1372.
Package xcolor Info: Model `HSB' substituted by `hsb' on input line 1373.
Package xcolor Info: Model `Gray' substituted by `gray' on input line 1374.
Package xcolor Info: Model `wave' substituted by `hsb' on input line 1375.
))
(/usr/share/texlive/texmf-dist/tex/latex/caption/caption.sty
Package: caption 2020/10/26 v3.5g Customizing captions (AR)

(/usr/share/texlive/texmf-dist/tex/latex/caption/caption3.sty
Package: caption3 2020/10/21 v2.2e caption3 kernel (AR)
\captionmargin=\dimen175
\captionmargin@=\dimen176
\captionwidth=\dimen177
\caption@tempdima=\dimen178
\caption@indent=\dimen179
\caption@parindent=\dimen180
\caption@hangindent=\dimen181
Package caption Info: Standard document class detected.
)
\c@caption@flags=\count290
\c@continuedfloat=\count291
Package caption Info: listings package is loaded.
)
(/usr/share/texlive/texmf-dist/tex/latex/ragged2e/ragged2e.sty
Package: ragged2e 2021/12/15 v3.1 ragged2e Package
\CenteringLeftskip=\skip56
\RaggedLeftLeftskip=\skip57
\RaggedRightLeftskip=\skip58
\CenteringRightskip=\skip59
\RaggedLeftRightskip=\skip60
\RaggedRightRightskip=\skip61
\CenteringParfillskip=\skip62
\RaggedLeftParfillskip=\skip63
\RaggedRightParfillskip=\skip64
\JustifyingParfillskip=\skip65
\CenteringParindent=\skip66
\RaggedLeftParindent=\skip67
\RaggedRightParindent=\skip68
\JustifyingParindent=\skip69
)
(/usr/share/texlive/texmf-dist/tex/latex/setspace/setspace.sty
Package: setspace 2011/12/19 v6.7a set line spacing
)
(/usr/share/texlive/texmf-dist/tex/latex/titlesec/titlesec.sty
Package: titlesec 2021/07/05 v2.14 Sectioning titles
\ttl@box=\box57
\beforetitleunit=\skip70
\aftertitleunit=\skip71
\ttl@plus=\dimen182
\ttl@minus=\dimen183
\ttl@toksa=\toks28
\titlewidth=\dimen184
\titlewidthlast=\dimen185
\titlewidthfirst=\dimen186
)
Package caption Info: Option `figurename' requires the `newfloat' package on in
put line 56.

(/usr/share/texlive/texmf-dist/tex/latex/newfloat/newfloat.sty
Package: newfloat 2019/09/02 v1.1l Defining new floating environments (AR)
)
(/usr/share/texlive/texmf-dist/tex/latex/placeins/placeins.sty
Package: placeins 2005/04/18  v 2.2
)
(/usr/share/texlive/texmf-dist/tex/latex/url/url.sty
\Urlmuskip=\muskip17
Package: url 2013/09/16  ver 3.4  Verb mode for urls, etc.
)
(/usr/share/texlive/texmf-dist/tex/latex/cmap/cmap.sty
Package: cmap 2021/02/06 v1.0j CMap support: searchable PDF
)
(/usr/share/texlive/texmf-dist/tex/latex/fontspec/fontspec.sty
(/usr/share/texlive/texmf-dist/tex/latex/l3packages/xparse/xparse.sty
Package: xparse 2022-01-12 L3 Experimental document command parser
)
Package: fontspec 2022/01/15 v2.8a Font selection for XeLaTeX and LuaLaTeX
Lua module: fontspec 2022/01/15 2.8a Font selection for XeLaTeX and LuaLaTeX
(/usr/share/texlive/texmf-dist/tex/latex/fontspec/fontspec-luatex.sty
Package: fontspec-luatex 2022/01/15 v2.8a Font selection for XeLaTeX and LuaLaT
eX
\l__fontspec_script_int=\count292
\l__fontspec_language_int=\count293
\l__fontspec_strnum_int=\count294
\l__fontspec_tmp_int=\count295
\l__fontspec_tmpa_int=\count296
\l__fontspec_tmpb_int=\count297
\l__fontspec_tmpc_int=\count298
\l__fontspec_em_int=\count299
\l__fontspec_emdef_int=\count300
\l__fontspec_strong_int=\count301
\l__fontspec_strongdef_int=\count302
\l__fontspec_tmpa_dim=\dimen187
\l__fontspec_tmpb_dim=\dimen188
\l__fontspec_tmpc_dim=\dimen189

(/usr/share/texlive/texmf-dist/tex/latex/base/fontenc.sty
Package: fontenc 2021/04/29 v2.0v Standard LaTeX package
)
(/usr/share/texlive/texmf-dist/tex/latex/fontspec/fontspec.cfg)))
(/usr/share/texlive/texmf-dist/tex/latex/pdfpages/pdfpages.sty
Package: pdfpages 2022/01/29 v0.5u Insert pages of external PDF documents (AM)

(/usr/share/texlive/texmf-dist/tex/latex/eso-pic/eso-pic.sty
Package: eso-pic 2020/10/14 v3.0a eso-pic (RN)
\ESO@tempdima=\dimen190
\ESO@tempdimb=\dimen191
)
\AM@pagewidth=\dimen192
\AM@pageheight=\dimen193
\AM@fboxrule=\dimen194

(/usr/share/texlive/texmf-dist/tex/latex/pdfpages/ppluatex.def
File: ppluatex.def 2022/01/29 v0.5u Pdfpages driver for LuaTeX (AM)
)
\pdfpages@includegraphics@status=\count303
\AM@pagebox=\box58
\AM@global@opts=\toks29
\AM@pagecnt=\count304
\AM@toc@title=\toks30
\c@AM@survey=\count305
\AM@templatesizebox=\box59
)
(/usr/share/texlive/texmf-dist/tex/latex/natbib/natbib.sty
Package: natbib 2010/09/13 8.31b (PWD, AO)
\bibhang=\skip72
\bibsep=\skip73
LaTeX Info: Redefining \cite on input line 694.
\c@NAT@ctr=\count306
)
luaotfload | cache : Lookup cache loaded from /home/prianechka/.texlive2021/texm
f-var/luatex-cache/generic/names/luaotfload-lookup-cache.luc.
luaotfload | aux : font no 18 (nil) defines no feature for script latn
luaotfload | aux : font no 18 (nil) defines no feature for script dflt

Package fontspec Info: Font family 'TimesNewRoman(0)' created for font 'Times
(fontspec)             New Roman' with options [Ligatures=TeX].
(fontspec)              
(fontspec)              This font family consists of the following NFSS
(fontspec)             series/shapes:
(fontspec)              
(fontspec)             - 'normal' (m/n) with NFSS spec.:
(fontspec)             <->"TimesNewRoman:mode=node;language=dflt;+tlig;"
(fontspec)             - 'small caps'  (m/sc) with NFSS spec.: 
(fontspec)             - 'bold' (b/n) with NFSS spec.:
(fontspec)             <->"TimesNewRoman/B:mode=node;language=dflt;+tlig;"
(fontspec)             - 'bold small caps'  (b/sc) with NFSS spec.: 
(fontspec)             - 'italic' (m/it) with NFSS spec.:
(fontspec)             <->"TimesNewRoman/I:mode=node;language=dflt;+tlig;"
(fontspec)             - 'italic small caps'  (m/scit) with NFSS spec.: 
(fontspec)             - 'bold italic' (b/it) with NFSS spec.:
(fontspec)             <->"TimesNewRoman/BI:mode=node;language=dflt;+tlig;"
(fontspec)             - 'bold italic small caps'  (b/scit) with NFSS spec.: 


(/usr/share/texlive/texmf-dist/tex/latex/totalcount/totalcount.sty
Package: totalcount 2018/01/21 v1.0a Total values of counters (AR)
\c@totalcount@figure=\count307
\c@totalcount@table=\count308
)
(/usr/share/texlive/texmf-dist/tex/generic/ulem/ulem.sty
\UL@box=\box60
\UL@hyphenbox=\box61
\UL@skip=\skip74
\UL@hook=\toks31
\UL@height=\dimen195
\UL@pe=\count309
\UL@pixel=\dimen196
\ULC@box=\box62
Package: ulem 2019/11/18
\ULdepth=\dimen197
)
(/usr/share/texlive/texmf-dist/tex/latex/tools/hhline.sty
Package: hhline 2020/01/04 v2.04 Table rule package (DPC)
)
(/usr/share/texlive/texmf-dist/tex/latex/graphics/rotating.sty
Package: rotating 2016/08/11 v2.16d rotated objects in LaTeX
\c@r@tfl@t=\count310
\rotFPtop=\skip75
\rotFPbot=\skip76
\rot@float@box=\box63
\rot@mess@toks=\toks32
))
(/usr/share/texlive/texmf-dist/tex/latex/lastpage/lastpage.sty
Package: lastpage 2021/09/03 v1.2n Refers to last page's name (HMM; JPG)
)

LaTeX Warning: Unused global option(s):
    [ut8x].

(./report.aux (./01-abstract.aux) (./02-naming.aux) (./03-intro.aux)
(./10-analysis.aux) (./20-design.aux) (./30-technology.aux) (./40-research.aux) (./50-conclusion.aux) (./60-bibliography.aux) (./70-application.aux)
(./71-application.aux))
\openout1 = report.aux

LaTeX Font Info:    Checking defaults for OML/cmm/m/it on input line 6.
LaTeX Font Info:    ... okay on input line 6.
LaTeX Font Info:    Checking defaults for OMS/cmsy/m/n on input line 6.
LaTeX Font Info:    ... okay on input line 6.
LaTeX Font Info:    Checking defaults for OT1/cmr/m/n on input line 6.
LaTeX Font Info:    ... okay on input line 6.
LaTeX Font Info:    Checking defaults for T1/cmr/m/n on input line 6.
LaTeX Font Info:    ... okay on input line 6.
LaTeX Font Info:    Checking defaults for TS1/cmr/m/n on input line 6.
LaTeX Font Info:    Trying to load font information for TS1+cmr on input line 6
.
 (/usr/share/texlive/texmf-dist/tex/latex/base/ts1cmr.fd
File: ts1cmr.fd 2019/12/16 v2.5j Standard LaTeX font definitions
)
LaTeX Font Info:    ... okay on input line 6.
LaTeX Font Info:    Checking defaults for TU/lmr/m/n on input line 6.
LaTeX Font Info:    ... okay on input line 6.
LaTeX Font Info:    Checking defaults for OMX/cmex/m/n on input line 6.
LaTeX Font Info:    ... okay on input line 6.
LaTeX Font Info:    Checking defaults for U/cmr/m/n on input line 6.
LaTeX Font Info:    ... okay on input line 6.
LaTeX Info: Redefining \th on input line 6.
 (/usr/share/texlive/texmf-dist/tex/context/base/mkii/supp-pdf.mkii
[Loading MPS to PDF converter (version 2006.09.02).]
\scratchcounter=\count311
\scratchdimen=\dimen198
\scratchbox=\box64
\nofMPsegments=\count312
\nofMParguments=\count313
\everyMPshowfont=\toks33
\MPscratchCnt=\count314
\MPscratchDim=\dimen199
\MPnumerator=\count315
\makeMPintoPDFobject=\count316
\everyMPtoPDFconversion=\toks34
) (/usr/share/texlive/texmf-dist/tex/latex/epstopdf-pkg/epstopdf-base.sty
Package: epstopdf-base 2020-01-24 v2.11 Base part for package epstopdf
Package epstopdf-base Info: Redefining graphics rule for `.eps' on input line 4
85.

(/usr/share/texlive/texmf-dist/tex/latex/latexconfig/epstopdf-sys.cfg
File: epstopdf-sys.cfg 2010/07/13 v1.3 Configuration of (r)epstopdf for TeX Liv
e
))
*geometry* driver: auto-detecting
*geometry* detected driver: luatex
*geometry* verbose mode - [ preamble ] result:
* driver: luatex
* paper: a4paper
* layout: <same size as paper>
* layoutoffset:(h,v)=(0.0pt,0.0pt)
* modes: 
* h-part:(L,W,R)=(85.35826pt, 483.69687pt, 28.45274pt)
* v-part:(T,H,B)=(56.9055pt, 731.23584pt, 56.9055pt)
* \paperwidth=597.50787pt
* \paperheight=845.04684pt
* \textwidth=483.69687pt
* \textheight=731.23584pt
* \oddsidemargin=13.08827pt
* \evensidemargin=13.08827pt
* \topmargin=-54.36449pt
* \headheight=14.0pt
* \headsep=25.0pt
* \topskip=14.0pt
* \footskip=30.0pt
* \marginparwidth=15.0pt
* \marginparsep=10.0pt
* \columnsep=10.0pt
* \skip\footins=12.0pt plus 4.0pt minus 2.0pt
* \hoffset=0.0pt
* \voffset=0.0pt
* \mag=1000
* \@twocolumnfalse
* \@twosidefalse
* \@mparswitchfalse
* \@reversemarginfalse
* (1in=72.27pt=25.4mm, 1cm=28.453pt)

\c@lstlisting=\count317
Package caption Info: Begin \AtBeginDocument code.
Package caption Info: rotating package is loaded.
Package caption Info: End \AtBeginDocument code.
Package newfloat Info: `rotating' package detected.

Package fontspec Info: Adjusting the maths setup (use [no-math] to avoid
(fontspec)             this).

\symlegacymaths=\mathgroup9
LaTeX Font Info:    Overwriting symbol font `legacymaths' in version `bold'
(Font)                  OT1/cmr/m/n --> OT1/cmr/bx/n on input line 6.
LaTeX Font Info:    Redeclaring math accent \acute on input line 6.
LaTeX Font Info:    Redeclaring math accent \grave on input line 6.
LaTeX Font Info:    Redeclaring math accent \ddot on input line 6.
LaTeX Font Info:    Redeclaring math accent \tilde on input line 6.
LaTeX Font Info:    Redeclaring math accent \bar on input line 6.
LaTeX Font Info:    Redeclaring math accent \breve on input line 6.
LaTeX Font Info:    Redeclaring math accent \check on input line 6.
LaTeX Font Info:    Redeclaring math accent \hat on input line 6.
LaTeX Font Info:    Redeclaring math accent \dot on input line 6.
LaTeX Font Info:    Redeclaring math accent \mathring on input line 6.
LaTeX Font Info:    Redeclaring math symbol \Gamma on input line 6.
LaTeX Font Info:    Redeclaring math symbol \Delta on input line 6.
LaTeX Font Info:    Redeclaring math symbol \Theta on input line 6.
LaTeX Font Info:    Redeclaring math symbol \Lambda on input line 6.
LaTeX Font Info:    Redeclaring math symbol \Xi on input line 6.
LaTeX Font Info:    Redeclaring math symbol \Pi on input line 6.
LaTeX Font Info:    Redeclaring math symbol \Sigma on input line 6.
LaTeX Font Info:    Redeclaring math symbol \Upsilon on input line 6.
LaTeX Font Info:    Redeclaring math symbol \Phi on input line 6.
LaTeX Font Info:    Redeclaring math symbol \Psi on input line 6.
LaTeX Font Info:    Redeclaring math symbol \Omega on input line 6.
LaTeX Font Info:    Redeclaring math symbol \mathdollar on input line 6.
LaTeX Font Info:    Redeclaring symbol font `operators' on input line 6.
LaTeX Font Info:    Encoding `OT1' has changed to `TU' for symbol font
(Font)              `operators' in the math version `normal' on input line 6.
LaTeX Font Info:    Overwriting symbol font `operators' in version `normal'
(Font)                  OT1/cmr/m/n --> TU/TimesNewRoman(0)/m/n on input line 6
.
LaTeX Font Info:    Encoding `OT1' has changed to `TU' for symbol font
(Font)              `operators' in the math version `bold' on input line 6.
LaTeX Font Info:    Overwriting symbol font `operators' in version `bold'
(Font)                  OT1/cmr/bx/n --> TU/TimesNewRoman(0)/m/n on input line 
6.
LaTeX Font Info:    Overwriting symbol font `operators' in version `normal'
(Font)                  TU/TimesNewRoman(0)/m/n --> TU/TimesNewRoman(0)/m/n on 
input line 6.
LaTeX Font Info:    Overwriting math alphabet `\mathit' in version `normal'
(Font)                  OT1/cmr/m/it --> TU/TimesNewRoman(0)/m/it on input line
 6.
LaTeX Font Info:    Overwriting math alphabet `\mathbf' in version `normal'
(Font)                  OT1/cmr/bx/n --> TU/TimesNewRoman(0)/b/n on input line 
6.
LaTeX Font Info:    Overwriting math alphabet `\mathsf' in version `normal'
(Font)                  OT1/cmss/m/n --> TU/lmss/m/n on input line 6.
LaTeX Font Info:    Overwriting math alphabet `\mathtt' in version `normal'
(Font)                  OT1/cmtt/m/n --> TU/lmtt/m/n on input line 6.
LaTeX Font Info:    Overwriting symbol font `operators' in version `bold'
(Font)                  TU/TimesNewRoman(0)/m/n --> TU/TimesNewRoman(0)/b/n on 
input line 6.
LaTeX Font Info:    Overwriting math alphabet `\mathit' in version `bold'
(Font)                  OT1/cmr/bx/it --> TU/TimesNewRoman(0)/b/it on input lin
e 6.
LaTeX Font Info:    Overwriting math alphabet `\mathsf' in version `bold'
(Font)                  OT1/cmss/bx/n --> TU/lmss/b/n on input line 6.
LaTeX Font Info:    Overwriting math alphabet `\mathtt' in version `bold'
(Font)                  OT1/cmtt/m/n --> TU/lmtt/b/n on input line 6.
(/usr/share/texlive/texmf-dist/tex/latex/pdflscape/pdflscape.sty
Package: pdflscape 2019/12/05 v0.12 Display of landscape pages in PDF (HO)

(/usr/share/texlive/texmf-dist/tex/latex/graphics/lscape.sty
Package: lscape 2020/05/28 v3.02 Landscape Pages (DPC)
)
Package pdflscape Info: Auto-detected driver: pdftex on input line 81.
)
Package lastpage Info: Please have a look at the pageslts package at
(lastpage)             https://www.ctan.org/pkg/pageslts
(lastpage)             ! on input line 6.
<title.pdf, id=1, 597.5123pt x 845.04709pt>
File: title.pdf Graphic file (type pdf)
<use title.pdf>
Package luatex.def Info: title.pdf  used on input line 7.
(luatex.def)             Requested size: 597.51083pt x 845.04503pt.
File: title.pdf Graphic file (type pdf)
<use title.pdf>
Package luatex.def Info: title.pdf  used on input line 7.
(luatex.def)             Requested size: 597.51083pt x 845.04503pt.
<title.pdf, id=4, page=1, 597.5123pt x 845.04709pt>
File: title.pdf Graphic file (type pdf)
<use title.pdf, page 1>
Package luatex.def Info: title.pdf , page1 used on input line 7.
(luatex.def)             Requested size: 597.51083pt x 845.04503pt.
File: title.pdf Graphic file (type pdf)
<use title.pdf, page 1>
Package luatex.def Info: title.pdf , page1 used on input line 7.
(luatex.def)             Requested size: 597.53818pt x 845.08371pt.
File: title.pdf Graphic file (type pdf)
<use title.pdf, page 1>
Package luatex.def Info: title.pdf , page1 used on input line 7.
(luatex.def)             Requested size: 597.53818pt x 845.08371pt.
File: title.pdf Graphic file (type pdf)
<use title.pdf, page 1>
Package luatex.def Info: title.pdf , page1 used on input line 7.
(luatex.def)             Requested size: 597.53818pt x 845.08371pt.
File: title.pdf Graphic file (type pdf)
<use title.pdf, page 1>
Package luatex.def Info: title.pdf , page1 used on input line 7.
(luatex.def)             Requested size: 597.53818pt x 845.08371pt.
 [1

<./title.pdf>]
\openout2 = 01-abstract.aux
 (./01-abstract.tex) [5

{/var/lib/texmf/fonts/map/pdftex/updmap/pdftex.map}]
(./report.toc<<oml.cmap>><<oms.cmap>><<omx.cmap>>
LaTeX Font Info:    Trying to load font information for OML+lmr on input line 5
.

(/usr/share/texmf/tex/latex/lm/omllmr.fd
File: omllmr.fd 2009/10/30 v1.6 Font defs for Latin Modern
)

LaTeX Font Warning: Font shape `OML/lmr/m/up' undefined
(Font)              using `OML/lmr/m/it' instead on input line 5.

LaTeX Font Info:    Trying to load font information for OML+lmm on input line 5
.
(/usr/share/texmf/tex/latex/lm/omllmm.fd
File: omllmm.fd 2009/10/30 v1.6 Font defs for Latin Modern
)
LaTeX Font Info:    Font shape `OML/lmr/m/it' in size <14.4> not available
(Font)              Font shape `OML/lmm/m/it' tried instead on input line 5.
LaTeX Font Info:    Font shape `OML/lmr/m/up' in size <10> not available
(Font)              Font shape `OML/lmm/m/it' tried instead on input line 5.
LaTeX Font Info:    Font shape `OML/lmr/m/up' in size <7> not available
(Font)              Font shape `OML/lmm/m/it' tried instead on input line 5.
LaTeX Font Info:    Trying to load font information for OMS+lmr on input line 5
.

(/usr/share/texmf/tex/latex/lm/omslmr.fd
File: omslmr.fd 2009/10/30 v1.6 Font defs for Latin Modern
)

LaTeX Font Warning: Font shape `OMS/lmr/m/up' undefined
(Font)              using `OMS/lmr/m/n' instead on input line 5.

LaTeX Font Info:    Trying to load font information for OMS+lmsy on input line 
5.
(/usr/share/texmf/tex/latex/lm/omslmsy.fd
File: omslmsy.fd 2009/10/30 v1.6 Font defs for Latin Modern
)
LaTeX Font Info:    Font shape `OMS/lmr/m/n' in size <14.4> not available
(Font)              Font shape `OMS/lmsy/m/n' tried instead on input line 5.
LaTeX Font Info:    Font shape `OMS/lmr/m/up' in size <10> not available
(Font)              Font shape `OMS/lmsy/m/n' tried instead on input line 5.
LaTeX Font Info:    Font shape `OMS/lmr/m/up' in size <7> not available
(Font)              Font shape `OMS/lmsy/m/n' tried instead on input line 5.
LaTeX Font Info:    Trying to load font information for U+msa on input line 5.

(/usr/share/texlive/texmf-dist/tex/latex/amsfonts/umsa.fd
File: umsa.fd 2013/01/14 v3.01 AMS symbols A
)
LaTeX Font Info:    Trying to load font information for U+msb on input line 5.

(/usr/share/texlive/texmf-dist/tex/latex/amsfonts/umsb.fd
File: umsb.fd 2013/01/14 v3.01 AMS symbols B
)
LaTeX Font Info:    Trying to load font information for U+lasy on input line 5.


(/usr/share/texlive/texmf-dist/tex/latex/base/ulasy.fd
File: ulasy.fd 1998/08/17 v2.2e LaTeX symbol font definitions
)<<ot1.cmap>> [6


])
\tf@toc=\write4

\openout4 = report.toc

[7]
\openout2 = 02-naming.aux
 (./02-naming.tex
Overfull \hbox (0.26292pt too wide) in paragraph at lines 5--6
[]\TU/TimesNewRoman(0)/m/n/14.4 CNN (от ан-гл. Convolutional neural networ
k) --- свер-точ-ная ней-рон-ная сеть. 
 []

) [8

]
\openout2 = 03-intro.aux
 (./03-intro.tex) [9



]
\openout2 = 10-analysis.aux
 (./10-analysis.tex [10



]
<inc/png/gaussShum.png, id=63, 769.37437pt x 384.6872pt>
File: inc/png/gaussShum.png Graphic file (type png)
<use inc/png/gaussShum.png>
Package luatex.def Info: inc/png/gaussShum.png  used on input line 43.
(luatex.def)             Requested size: 483.69687pt x 241.85527pt.
 [11<./inc/png/gaussShum.png>]
Overfull \hbox (0.89568pt too wide) in paragraph at lines 68--69
[]\TU/TimesNewRoman(0)/m/n/14.4 Ве-ро-ят-ность по-яв-ле-ни
я шу-ма за-ви-сит от ха-рак-те-ри-стик фо-то-а
п-па-ра-та, а так-
 []

[12]
<inc/png/salt.png, id=75, 774.64406pt x 362.85562pt>
File: inc/png/salt.png Graphic file (type png)
<use inc/png/salt.png>
Package luatex.def Info: inc/png/salt.png  used on input line 75.
(luatex.def)             Requested size: 483.69687pt x 226.5738pt.
 [13<./inc/png/salt.png>]
Overfull \hbox (1.15244pt too wide) in paragraph at lines 121--123
[]\TU/TimesNewRoman(0)/m/n/14.4 Пе-ре-да-точ-ная функ-ция 
яв-ля-ет-ся ос-нов-ным па-ра-мет-ром ней-рон-
ной се-ти. Как
 []

[14]
Overfull \hbox (1.63991pt too wide) in paragraph at lines 152--154
\TU/TimesNewRoman(0)/m/n/14.4 ре-да-точ-ная функ-ция или \T
U/TimesNewRoman(0)/b/n/14.4 ReLu \TU/TimesNewRoman(0)/m/n/14.4 [[]]. Ма-те-
ма-ти-че-ски она опи-сы-ва-ет-ся фор-
 []

[15]
Overfull \hbox (2.02414pt too wide) in paragraph at lines 201--203
[]\TU/TimesNewRoman(0)/m/n/14.4 Для про-ве-де-ния обу-че-н
ия ней-рон-ной се-ти ис-поль-зу-ет-ся сто-ха-
сти-че-ский гра-
 []

[16] [17]
warning  (file inc/pdf/CNN.pdf) (pdf inclusion): PDF inclusion: found PDF versio
n '1.7', but at most version '1.5' allowed
<inc/pdf/CNN.pdf, id=94, 536.96606pt x 198.7425pt>
File: inc/pdf/CNN.pdf Graphic file (type pdf)
<use inc/pdf/CNN.pdf>
Package luatex.def Info: inc/pdf/CNN.pdf  used on input line 259.
(luatex.def)             Requested size: 483.69687pt x 179.03337pt.
[18<./inc/pdf/CNN.pdf>] [19]
warning  (file inc/pdf/allAlgs.pdf) (pdf inclusion): PDF inclusion: found PDF ve
rsion '1.7', but at most version '1.5' allowed
<inc/pdf/allAlgs.pdf, id=109, 485.8953pt x 219.70079pt>
File: inc/pdf/allAlgs.pdf Graphic file (type pdf)
<use inc/pdf/allAlgs.pdf>
Package luatex.def Info: inc/pdf/allAlgs.pdf  used on input line 301.
(luatex.def)             Requested size: 483.69687pt x 218.71465pt.
[20<./inc/pdf/allAlgs.pdf>]
warning  (file inc/pdf/grid.pdf) (pdf inclusion): PDF inclusion: found PDF versi
on '1.7', but at most version '1.5' allowed
<inc/pdf/grid.pdf, id=121, 89.3739pt x 91.3011pt>
File: inc/pdf/grid.pdf Graphic file (type pdf)
<use inc/pdf/grid.pdf>
Package luatex.def Info: inc/pdf/grid.pdf  used on input line 323.
(luatex.def)             Requested size: 89.37367pt x 91.30087pt.
[21<./inc/pdf/grid.pdf>]
<inc/pdf/median.pdf, id=132, 211.79124pt x 765.86125pt>
File: inc/pdf/median.pdf Graphic file (type pdf)
<use inc/pdf/median.pdf>
Package luatex.def Info: inc/pdf/median.pdf  used on input line 344.
(luatex.def)             Requested size: 118.02704pt x 426.79134pt.

Overfull \hbox (4.04924pt too wide) in paragraph at lines 352--353
[]\TU/TimesNewRoman(0)/m/n/14.4 К недо-стат-кам дан-но-го 
ме-то-да мож-но от-не-сти то, что ал-го-ритм м
о-жет убрать
 []

[22<./inc/pdf/median.pdf>]
<inc/pdf/gauss.pdf, id=146, 211.79124pt x 765.86125pt>
File: inc/pdf/gauss.pdf Graphic file (type pdf)
<use inc/pdf/gauss.pdf>
Package luatex.def Info: inc/pdf/gauss.pdf  used on input line 376.
(luatex.def)             Requested size: 78.6847pt x 284.52756pt.
 [23<./inc/pdf/gauss.pdf>]
<inc/pdf/bilateral.pdf, id=160, 211.79124pt x 766.865pt>
File: inc/pdf/bilateral.pdf Graphic file (type pdf)
<use inc/pdf/bilateral.pdf>
Package luatex.def Info: inc/pdf/bilateral.pdf  used on input line 406.
(luatex.def)             Requested size: 78.58128pt x 284.52756pt.
 [24<./inc/pdf/bilateral.pdf>]
<inc/pdf/china.pdf, id=176, 1225.57875pt x 1231.60126pt>
File: inc/pdf/china.pdf Graphic file (type pdf)
<use inc/pdf/china.pdf>
Package luatex.def Info: inc/pdf/china.pdf  used on input line 427.
(luatex.def)             Requested size: 368.06918pt x 369.88582pt.
 [25<./inc/pdf/china.pdf>]
warning  (file inc/pdf/dnn.pdf) (pdf inclusion): PDF inclusion: found PDF versio
n '1.7', but at most version '1.5' allowed
<inc/pdf/dnn.pdf, id=202, 599.3592pt x 147.67169pt>
File: inc/pdf/dnn.pdf Graphic file (type pdf)
<use inc/pdf/dnn.pdf>
Package luatex.def Info: inc/pdf/dnn.pdf  used on input line 461.
(luatex.def)             Requested size: 483.69687pt x 119.17627pt.
[26<./inc/pdf/dnn.pdf>]
warning  (file inc/pdf/ridnet.pdf) (pdf inclusion): PDF inclusion: found PDF ver
sion '1.7', but at most version '1.5' allowed
<inc/pdf/ridnet.pdf, id=214, 580.08717pt x 102.3825pt>
File: inc/pdf/ridnet.pdf Graphic file (type pdf)
<use inc/pdf/ridnet.pdf>
Package luatex.def Info: inc/pdf/ridnet.pdf  used on input line 495.
(luatex.def)             Requested size: 483.69687pt x 85.3727pt.
[27<./inc/pdf/ridnet.pdf>] [28] [29]
Overfull \hbox (1.30835pt too wide) in paragraph at lines 588--588
[]\TU/TimesNewRoman(0)/m/n/14.4 Jianwei| 
 []


Underfull \hbox (badness 10000) in paragraph at lines 590--591
[]\TU/TimesNewRoman(0)/m/n/14.4 Учи-ты-ва-ет-ся ли
 []


Underfull \hbox (badness 10000) in paragraph at lines 593--593
[]\TU/TimesNewRoman(0)/m/n/14.4 Учи-ты-ва-ет-ся ли
 []


Underfull \hbox (badness 10000) in paragraph at lines 593--593
\TU/TimesNewRoman(0)/m/n/14.4 вза-и-мо-связь пик-
 []


Underfull \hbox (badness 10000) in paragraph at lines 595--595
[]\TU/TimesNewRoman(0)/m/n/14.4 Про-ис-хо-дит ли
 []


Underfull \hbox (badness 10000) in paragraph at lines 597--597
[]\TU/TimesNewRoman(0)/m/n/14.4 C ка-ким шу-мом
 []


Underfull \hbox (badness 10000) in paragraph at lines 597--597
[]\TU/TimesNewRoman(0)/m/n/14.4 им-
 []


Underfull \hbox (badness 10000) in paragraph at lines 597--597
\TU/TimesNewRoman(0)/m/n/14.4 пульс-
 []


Underfull \hbox (badness 10000) in paragraph at lines 597--597
[]\TU/TimesNewRoman(0)/m/n/14.4 им-
 []


Underfull \hbox (badness 10000) in paragraph at lines 597--597
\TU/TimesNewRoman(0)/m/n/14.4 пульс-
 []


Underfull \hbox (badness 10000) in paragraph at lines 599--599
[]\TU/TimesNewRoman(0)/m/n/14.4 Ис-поль-зу-ют-ся
 []


Overfull \hbox (0.50302pt too wide) in paragraph at lines 607--608
[]\TU/TimesNewRoman(0)/m/n/14.4 шум на изоб-ра-же-ни-ях во
з-ни-ка-ет вслед-ствие несо-вер-шен-ства тех-
ни-че-ских
 []

[30] [31]
<inc/pdf/01_A0.pdf, id=238, 601.4972pt x 402.00188pt>
File: inc/pdf/01_A0.pdf Graphic file (type pdf)
<use inc/pdf/01_A0.pdf>
Package luatex.def Info: inc/pdf/01_A0.pdf  used on input line 631.
(luatex.def)             Requested size: 298.0036pt x 199.16928pt.
<inc/pdf/02_A0.pdf, id=239, 601.4972pt x 402.00188pt>
File: inc/pdf/02_A0.pdf Graphic file (type pdf)
<use inc/pdf/02_A0.pdf>
Package luatex.def Info: inc/pdf/02_A0.pdf  used on input line 644.
(luatex.def)             Requested size: 298.0036pt x 199.16928pt.
 [32<./inc/pdf/01_A0.pdf><./inc/pdf/02_A0.pdf>]) [33]
\openout2 = 20-design.aux
 (./20-design.tex [34



]
Overfull \hbox (2.26804pt too wide) in paragraph at lines 28--30
\TU/TimesNewRoman(0)/m/n/14.4 до фай-ла в опе-ра-ци-он-ной 
си-сте-ме. Так-же тре-бу-ет-ся до-ба-вить воз-
мож-ность срав-
 []

<inc/pdf/mainAlgo.pdf, id=250, 416.55624pt x 512.91624pt>
File: inc/pdf/mainAlgo.pdf Graphic file (type pdf)
<use inc/pdf/mainAlgo.pdf>
Package luatex.def Info: inc/pdf/mainAlgo.pdf  used on input line 55.
(luatex.def)             Requested size: 483.69687pt x 595.6172pt.
[35] [36<./inc/pdf/mainAlgo.pdf>] [37]
<inc/pdf/shumCount.pdf, id=280, 956.57375pt x 1151.30125pt>
File: inc/pdf/shumCount.pdf Graphic file (type pdf)
<use inc/pdf/shumCount.pdf>
Package luatex.def Info: inc/pdf/shumCount.pdf  used on input line 90.
(luatex.def)             Requested size: 483.69687pt x 582.16673pt.
 [38<./inc/pdf/shumCount.pdf>]
Overfull \hbox (4.20737pt too wide) in paragraph at lines 105--106
[]\TU/TimesNewRoman(0)/m/n/14.4 В ка-че-стве функ-ции ак-т
и-ва-ции вы-бра-на сиг-мо-и-да на всех эле-ме
н-тах EAM-
 []

[39]
warning  (file inc/pdf/module1.pdf) (pdf inclusion): PDF inclusion: found PDF ve
rsion '1.7', but at most version '1.5' allowed
<inc/pdf/module1.pdf, id=307, 527.0892pt x 115.3911pt>
File: inc/pdf/module1.pdf Graphic file (type pdf)
<use inc/pdf/module1.pdf>
Package luatex.def Info: inc/pdf/module1.pdf  used on input line 133.
(luatex.def)             Requested size: 483.69687pt x 105.89522pt.
[40<./inc/pdf/module1.pdf>]
warning  (file inc/pdf/module2.pdf) (pdf inclusion): PDF inclusion: found PDF ve
rsion '1.7', but at most version '1.5' allowed
<inc/pdf/module2.pdf, id=319, 435.54718pt x 113.4639pt>
File: inc/pdf/module2.pdf Graphic file (type pdf)
<use inc/pdf/module2.pdf>
Package luatex.def Info: inc/pdf/module2.pdf  used on input line 152.
(luatex.def)             Requested size: 483.69687pt x 126.01045pt.
) [41<./inc/pdf/module2.pdf>]
\openout2 = 30-technology.aux
 (./30-technology.tex [42



] [43] [44]
<inc/png/loss.png, id=341, 849.92531pt x 513.41812pt>
File: inc/png/loss.png Graphic file (type png)
<use inc/png/loss.png>
Package luatex.def Info: inc/png/loss.png  used on input line 86.
(luatex.def)             Requested size: 483.69687pt x 292.18915pt.
 [45<./inc/png/loss.png>]
<inc/png/val_loss.png, id=345, 873.2625pt x 580.41844pt>
File: inc/png/val_loss.png Graphic file (type png)
<use inc/png/val_loss.png>
Package luatex.def Info: inc/png/val_loss.png  used on input line 106.
(luatex.def)             Requested size: 483.69687pt x 321.48952pt.
 (/usr/share/texlive/texmf-dist/tex/latex/listings/lstlang1.sty
File: lstlang1.sty 2020/03/24 1.8d listings language file
)
[46<./inc/png/val_loss.png>] (./inc/src/clean_module.py
consecutive:
LaTeX Font Info:    Font shape `TU/lmtt/bx/n' in size <10> not available
(Font)              Font shape `TU/lmtt/b/n' tried instead on input line 62.
) (./inc/src/clean_module.py
consecutive:
) [47]
<inc/png/startUI.png, id=354, 769.37437pt x 429.10312pt>
File: inc/png/startUI.png Graphic file (type png)
<use inc/png/startUI.png>
Package luatex.def Info: inc/png/startUI.png  used on input line 157.
(luatex.def)             Requested size: 483.69687pt x 269.77985pt.
 [48<./inc/png/startUI.png>]
<inc/png/result2.png, id=359, 1380.65813pt x 688.07062pt>
File: inc/png/result2.png Graphic file (type png)
<use inc/png/result2.png>
Package luatex.def Info: inc/png/result2.png  used on input line 177.
(luatex.def)             Requested size: 483.69687pt x 241.0593pt.
 [49<./inc/png/result2.png>]
<inc/png/testing1.png, id=363, 828.84656pt x 439.6425pt>
File: inc/png/testing1.png Graphic file (type png)
<use inc/png/testing1.png>
Package luatex.def Info: inc/png/testing1.png  used on input line 202.
(luatex.def)             Requested size: 483.69687pt x 256.56259pt.
) [50<./inc/png/testing1.png>]
\openout2 = 40-research.aux
 (./40-research.tex
Overfull \hbox (4.67511pt too wide) in paragraph at lines 2--6
\TU/TimesNewRoman(0)/m/n/14.4 но-го про-грамм-но-го обес-
пе-че-ния. Бу-дет ис-сле-до-ва-на за-ви-си-мос
ть мет-ри-ки PSNR
 []

[51



]
<inc/png/median1.png, id=370, 772.38562pt x 497.60907pt>
File: inc/png/median1.png Graphic file (type png)
<use inc/png/median1.png>
Package luatex.def Info: inc/png/median1.png  used on input line 20.
(luatex.def)             Requested size: 483.69687pt x 311.61992pt.
 [52<./inc/png/median1.png>]
<inc/png/result1.png, id=374, 972.63374pt x 574.39594pt>
File: inc/png/result1.png Graphic file (type png)
<use inc/png/result1.png>
Package luatex.def Info: inc/png/result1.png  used on input line 45.
(luatex.def)             Requested size: 483.69687pt x 285.64592pt.
 [53<./inc/png/result1.png>]) [54]
\openout2 = 50-conclusion.aux

(./50-conclusion.tex
Overfull \hbox (3.77748pt too wide) in paragraph at lines 15--18
\TU/TimesNewRoman(0)/m/n/14.4 рон-ной се-ти бы-ли по-ка-за-
ны гра-фи-че-ски. Вы-бра-но оп-ти-маль-ное ко-
ли-че-ство эпох
 []

) [55



]
\openout2 = 60-bibliography.aux
 (./60-bibliography.tex (./report.bbl
Underfull \hbox (badness 2564) in paragraph at lines 66--69
[]\TU/TimesNewRoman(0)/m/n/14.4 Ćeranić Š.T. Noise reduction quality test for
 two-photon laser scanning
 []


Underfull \hbox (badness 1158) in paragraph at lines 96--101
\TU/TimesNewRoman(0)/m/n/14.4 Highlights in Science, Engineering and Technology.
  2023. 04.  Т. 39.
 []

[56




Missing character: There is no ‐ (U+2010) in font TimesNewRoman:mode=node;lang
uage=dflt;+tlig;!
]
Underfull \hbox (badness 7685) in paragraph at lines 133--137
\TU/TimesNewRoman(0)/m/n/14.4 IEEJ Transactions on Electronics, Information and Systems.  2002.
 []


Underfull \hbox (badness 5036) in paragraph at lines 162--165
[]\TU/TimesNewRoman(0)/m/n/14.4 M. Nabahat. Optimization of bilateral filter par
ameters using a whale
 []

[57])) [58]
\openout2 = 70-application.aux
 (./70-application.tex (./inc/src/neural.py) (./inc/src/neural.py
consecutive:
) [59



] (./inc/src/neural.py
consecutive:
) [60] (./inc/src/neural.py
consecutive:
)) [61]
\openout2 = 71-application.aux
 (./71-application.tex (./inc/src/clean_module.py
consecutive:
) (./inc/src/clean_module.py
consecutive:
)) [62



] 
AED: lastpage setting LastPage
(./report.aux (./01-abstract.aux) (./02-naming.aux) (./03-intro.aux)
(./10-analysis.aux) (./20-design.aux) (./30-technology.aux) (./40-research.aux) (./50-conclusion.aux) (./60-bibliography.aux) (./70-application.aux)
(./71-application.aux))

LaTeX Font Warning: Some font shapes were not available, defaults substituted.

)

Here is how much of LuaTeX's memory you used:
 16426 strings out of 477805
 476960,953878 words of node,token memory allocated
 959 words of node memory still in use:
   7 hlist, 2 vlist, 2 rule, 5 glue, 4 kern, 1 glyph, 106 attribute, 79 glue_spe
c, 55 attribute_list, 5 write nodes
   avail lists: 1:1,2:6490,3:276,4:111,5:15838,6:111,7:13683,8:56,9:26177,10:32,
11:968
 35838 multiletter control sequences out of 65536+600000
 70 fonts using 6915591 bytes
 75i,17n,84p,605b,839s stack positions out of 5000i,500n,10000p,200000b,80000s
</usr/share/texmf/fonts/opentype/public/lm/lmmono10-italic.otf></usr/share/texmf
/fonts/opentype/public/lm/lmmono10-regular.otf></usr/share/texmf/fonts/opentype/
public/lm/lmmonolt10-bold.otf></usr/share/fonts/truetype/msttcorefonts/timesi.tt
f></usr/share/fonts/truetype/msttcorefonts/times.ttf></usr/share/fonts/truetype/
msttcorefonts/timesbd.ttf></usr/share/texlive/texmf-dist/fonts/type1/public/amsf
onts/cm/cmex10.pfb></usr/share/texlive/texmf-dist/fonts/type1/public/amsfonts/cm
/cmmi10.pfb></usr/share/texlive/texmf-dist/fonts/type1/public/amsfonts/cm/cmmi12
.pfb></usr/share/texlive/texmf-dist/fonts/type1/public/amsfonts/cm/cmr10.pfb></u
sr/share/texlive/texmf-dist/fonts/type1/public/amsfonts/cm/cmr12.pfb></usr/share
/texlive/texmf-dist/fonts/type1/public/amsfonts/cm/cmsy10.pfb>
Output written on report.pdf (59 pages, 4086193 bytes).

PDF statistics: 465 PDF objects out of 1000 (max. 8388607)
 316 compressed objects within 4 object streams
 0 named destinations out of 1000 (max. 131072)
 21 words of extra memory for PDF output out of 10000 (max. 100000000)

