\BOOKMARK [1][-]{Doc-Start}{\376\377\004\040\004\025\004\044\004\025\004\040\004\020\004\042}{}% 1
\BOOKMARK [1][-]{section.1}{\376\377\004\020\004\075\004\060\004\073\004\070\004\102\004\070\004\107\004\065\004\101\004\072\004\070\004\071\000\040\004\100\004\060\004\067\004\064\004\065\004\073}{}% 2
\BOOKMARK [2][-]{subsection.1.1}{\376\377\004\020\004\075\004\060\004\073\004\070\004\067\000\040\004\077\004\100\004\065\004\064\004\074\004\065\004\102\004\075\004\076\004\071\000\040\004\076\004\061\004\073\004\060\004\101\004\102\004\070}{section.1}% 3
\BOOKMARK [3][-]{subsubsection.1.1.1}{\376\377\004\023\004\060\004\103\004\101\004\101\004\076\004\062\000\040\004\110\004\103\004\074}{subsection.1.1}% 4
\BOOKMARK [3][-]{subsubsection.1.1.2}{\376\377\004\030\004\074\004\077\004\103\004\073\004\114\004\101\004\075\004\113\004\071\000\040\004\110\004\103\004\074}{subsection.1.1}% 5
\BOOKMARK [2][-]{subsection.1.2}{\376\377\004\035\004\065\004\071\004\100\004\076\004\075\004\075\004\113\004\065\000\040\004\101\004\065\004\102\004\070}{section.1}% 6
\BOOKMARK [3][-]{subsubsection.1.2.1}{\376\377\004\041\004\062\004\065\004\100\004\102\004\076\004\107\004\075\004\060\004\117\000\040\004\075\004\065\004\071\004\100\004\076\004\075\004\075\004\060\004\117\000\040\004\101\004\065\004\102\004\114}{subsection.1.2}% 7
\BOOKMARK [2][-]{subsection.1.3}{\376\377\004\036\004\061\004\067\004\076\004\100\000\040\004\101\004\103\004\111\004\065\004\101\004\102\004\062\004\103\004\116\004\111\004\070\004\105\000\040\004\074\004\065\004\102\004\076\004\064\004\076\004\062}{section.1}% 8
\BOOKMARK [2][-]{subsection.1.4}{\376\377\004\036\004\061\004\111\004\070\004\071\000\040\004\060\004\073\004\063\004\076\004\100\004\070\004\102\004\074\000\040\004\100\004\060\004\061\004\076\004\102\004\113\000\040\004\104\004\070\004\073\004\114\004\102\004\100\004\076\004\062}{section.1}% 9
\BOOKMARK [3][-]{subsubsection.1.4.1}{\376\377\004\034\004\065\004\064\004\070\004\060\004\075\004\075\004\113\004\071\000\040\004\104\004\070\004\073\004\114\004\102\004\100}{subsection.1.4}% 10
\BOOKMARK [3][-]{subsubsection.1.4.2}{\376\377\004\023\004\060\004\103\004\101\004\101\004\076\004\062\004\101\004\072\004\070\004\071\000\040\004\104\004\070\004\073\004\114\004\102\004\100}{subsection.1.4}% 11
\BOOKMARK [3][-]{subsubsection.1.4.3}{\376\377\004\021\004\070\004\073\004\060\004\102\004\065\004\100\004\060\004\073\004\114\004\075\004\113\004\071\000\040\004\104\004\070\004\073\004\114\004\102\004\100}{subsection.1.4}% 12
\BOOKMARK [3][-]{subsubsection.1.4.4}{\376\377\004\020\004\073\004\063\004\076\004\100\004\070\004\102\004\074\000\040\004\046\004\067\004\117\004\075\004\114\004\062\004\115\004\071}{subsection.1.4}% 13
\BOOKMARK [3][-]{subsubsection.1.4.5}{\376\377\000D\000n\000C\000N\000N}{subsection.1.4}% 14
\BOOKMARK [3][-]{subsubsection.1.4.6}{\376\377\000R\000I\000D\000N\000e\000t}{subsection.1.4}% 15
\BOOKMARK [2][-]{subsection.1.5}{\376\377\004\032\004\100\004\070\004\102\004\065\004\100\004\070\004\070\000\040\004\101\004\100\004\060\004\062\004\075\004\065\004\075\004\070\004\117\000\040\004\060\004\073\004\063\004\076\004\100\004\070\004\102\004\074\004\076\004\062}{section.1}% 16
\BOOKMARK [3][-]{subsubsection.1.5.1}{\376\377\000P\000S\000N\000R}{subsection.1.5}% 17
\BOOKMARK [3][-]{subsubsection.1.5.2}{\376\377\000S\000S\000I\000M}{subsection.1.5}% 18
\BOOKMARK [2][-]{subsection.1.6}{\376\377\004\032\004\073\004\060\004\101\004\101\004\070\004\104\004\070\004\072\004\060\004\106\004\070\004\117\000\040\004\101\004\103\004\111\004\065\004\101\004\102\004\062\004\103\004\116\004\111\004\070\004\105\000\040\004\100\004\065\004\110\004\065\004\075\004\070\004\071}{section.1}% 19
\BOOKMARK [2][-]{subsection.1.7}{\376\377\004\044\004\076\004\100\004\074\004\103\004\073\004\070\004\100\004\076\004\062\004\072\004\060\000\040\004\106\004\065\004\073\004\070}{section.1}% 20
\BOOKMARK [2][-]{subsection.1.8}{\376\377\004\044\004\076\004\100\004\074\004\060\004\073\004\070\004\067\004\060\004\106\004\070\004\117\000\040\004\067\004\060\004\064\004\060\004\107\004\070\000.\000\040\000I\000D\000E\000F\0000\000-\004\064\004\070\004\060\004\063\004\100\004\060\004\074\004\074\004\060}{section.1}% 21
\BOOKMARK [1][-]{section.2}{\376\377\004\020\004\075\004\060\004\073\004\070\004\102\004\070\004\107\004\065\004\101\004\072\004\070\004\071\000\040\004\100\004\060\004\067\004\064\004\065\004\073}{}% 22
\BOOKMARK [2][-]{subsection.2.1}{\376\377\004\020\004\075\004\060\004\073\004\070\004\067\000\040\004\077\004\100\004\065\004\064\004\074\004\065\004\102\004\075\004\076\004\071\000\040\004\076\004\061\004\073\004\060\004\101\004\102\004\070}{section.2}% 23
\BOOKMARK [3][-]{subsubsection.2.1.1}{\376\377\004\023\004\060\004\103\004\101\004\101\004\076\004\062\000\040\004\110\004\103\004\074}{subsection.2.1}% 24
\BOOKMARK [3][-]{subsubsection.2.1.2}{\376\377\004\030\004\074\004\077\004\103\004\073\004\114\004\101\004\075\004\113\004\071\000\040\004\110\004\103\004\074}{subsection.2.1}% 25
\BOOKMARK [2][-]{subsection.2.2}{\376\377\004\035\004\065\004\071\004\100\004\076\004\075\004\075\004\113\004\065\000\040\004\101\004\065\004\102\004\070}{section.2}% 26
\BOOKMARK [3][-]{subsubsection.2.2.1}{\376\377\004\041\004\062\004\065\004\100\004\102\004\076\004\107\004\075\004\060\004\117\000\040\004\075\004\065\004\071\004\100\004\076\004\075\004\075\004\060\004\117\000\040\004\101\004\065\004\102\004\114}{subsection.2.2}% 27
\BOOKMARK [2][-]{subsection.2.3}{\376\377\004\036\004\061\004\067\004\076\004\100\000\040\004\101\004\103\004\111\004\065\004\101\004\102\004\062\004\103\004\116\004\111\004\070\004\105\000\040\004\074\004\065\004\102\004\076\004\064\004\076\004\062}{section.2}% 28
\BOOKMARK [2][-]{subsection.2.4}{\376\377\004\036\004\061\004\111\004\070\004\071\000\040\004\060\004\073\004\063\004\076\004\100\004\070\004\102\004\074\000\040\004\100\004\060\004\061\004\076\004\102\004\113\000\040\004\104\004\070\004\073\004\114\004\102\004\100\004\076\004\062}{section.2}% 29
\BOOKMARK [3][-]{subsubsection.2.4.1}{\376\377\004\034\004\065\004\064\004\070\004\060\004\075\004\075\004\113\004\071\000\040\004\104\004\070\004\073\004\114\004\102\004\100}{subsection.2.4}% 30
\BOOKMARK [3][-]{subsubsection.2.4.2}{\376\377\004\023\004\060\004\103\004\101\004\101\004\076\004\062\004\101\004\072\004\070\004\071\000\040\004\104\004\070\004\073\004\114\004\102\004\100}{subsection.2.4}% 31
\BOOKMARK [3][-]{subsubsection.2.4.3}{\376\377\004\021\004\070\004\073\004\060\004\102\004\065\004\100\004\060\004\073\004\114\004\075\004\113\004\071\000\040\004\104\004\070\004\073\004\114\004\102\004\100}{subsection.2.4}% 32
\BOOKMARK [3][-]{subsubsection.2.4.4}{\376\377\004\020\004\073\004\063\004\076\004\100\004\070\004\102\004\074\000\040\004\046\004\067\004\117\004\075\004\114\004\062\004\115\004\071}{subsection.2.4}% 33
\BOOKMARK [3][-]{subsubsection.2.4.5}{\376\377\000D\000n\000C\000N\000N}{subsection.2.4}% 34
\BOOKMARK [3][-]{subsubsection.2.4.6}{\376\377\000R\000I\000D\000N\000e\000t}{subsection.2.4}% 35
\BOOKMARK [2][-]{subsection.2.5}{\376\377\004\032\004\100\004\070\004\102\004\065\004\100\004\070\004\070\000\040\004\101\004\100\004\060\004\062\004\075\004\065\004\075\004\070\004\117\000\040\004\060\004\073\004\063\004\076\004\100\004\070\004\102\004\074\004\076\004\062}{section.2}% 36
\BOOKMARK [3][-]{subsubsection.2.5.1}{\376\377\000P\000S\000N\000R}{subsection.2.5}% 37
\BOOKMARK [3][-]{subsubsection.2.5.2}{\376\377\000S\000S\000I\000M}{subsection.2.5}% 38
\BOOKMARK [2][-]{subsection.2.6}{\376\377\004\032\004\073\004\060\004\101\004\101\004\070\004\104\004\070\004\072\004\060\004\106\004\070\004\117\000\040\004\101\004\103\004\111\004\065\004\101\004\102\004\062\004\103\004\116\004\111\004\070\004\105\000\040\004\100\004\065\004\110\004\065\004\075\004\070\004\071}{section.2}% 39
\BOOKMARK [2][-]{subsection.2.7}{\376\377\004\044\004\076\004\100\004\074\004\103\004\073\004\070\004\100\004\076\004\062\004\072\004\060\000\040\004\106\004\065\004\073\004\070}{section.2}% 40
\BOOKMARK [2][-]{subsection.2.8}{\376\377\004\044\004\076\004\100\004\074\004\060\004\073\004\070\004\067\004\060\004\106\004\070\004\117\000\040\004\067\004\060\004\064\004\060\004\107\004\070\000.\000\040\000I\000D\000E\000F\0000\000-\004\064\004\070\004\060\004\063\004\100\004\060\004\074\004\074\004\060}{section.2}% 41
\BOOKMARK [1][-]{section.3}{\376\377\004\032\004\076\004\075\004\101\004\102\004\100\004\103\004\072\004\102\004\076\004\100\004\101\004\072\004\070\004\071\000\040\004\100\004\060\004\067\004\064\004\065\004\073}{}% 42
\BOOKMARK [2][-]{subsection.3.1}{\376\377\004\042\004\100\004\065\004\061\004\076\004\062\004\060\004\075\004\070\004\117\000\040\004\072\000\040\004\100\004\060\004\067\004\100\004\060\004\061\004\060\004\102\004\113\004\062\004\060\004\065\004\074\004\076\004\074\004\103\000\040\004\074\004\065\004\102\004\076\004\064\004\103}{section.3}% 43
\BOOKMARK [2][-]{subsection.3.2}{\376\377\004\042\004\100\004\065\004\061\004\076\004\062\004\060\004\075\004\070\004\117\000\040\004\072\000\040\004\100\004\060\004\067\004\100\004\060\004\061\004\060\004\102\004\113\004\062\004\060\004\065\004\074\004\076\004\074\004\103\000\040\004\077\004\100\004\076\004\063\004\100\004\060\004\074\004\074\004\075\004\076\004\074\004\103\000\040\004\072\004\076\004\074\004\077\004\073\004\065\004\072\004\101\004\103}{section.3}% 44
\BOOKMARK [2][-]{subsection.3.3}{\376\377\004\037\004\100\004\076\004\065\004\072\004\102\004\070\004\100\004\076\004\062\004\060\004\075\004\070\004\065\000\040\004\074\004\065\004\102\004\076\004\064\004\060\000\040\004\103\004\064\004\060\004\073\004\065\004\075\004\070\004\117\000\040\004\110\004\103\004\074\004\076\004\062}{section.3}% 45
\BOOKMARK [3][-]{subsubsection.3.3.1}{\376\377\004\036\004\101\004\075\004\076\004\062\004\075\004\076\004\071\000\040\004\060\004\073\004\063\004\076\004\100\004\070\004\102\004\074\000\040\004\100\004\060\004\061\004\076\004\102\004\113}{subsection.3.3}% 46
\BOOKMARK [3][-]{subsubsection.3.3.2}{\376\377\004\037\004\076\004\064\004\101\004\107\004\065\004\102\000\040\004\072\004\076\004\073\004\070\004\107\004\065\004\101\004\102\004\062\004\060\000\040\004\110\004\103\004\074\004\076\004\062\000\040\004\062\000\040\004\070\004\067\004\076\004\061\004\100\004\060\004\066\004\065\004\075\004\070\004\070}{subsection.3.3}% 47
\BOOKMARK [3][-]{subsubsection.3.3.3}{\376\377\004\032\004\076\004\075\004\104\004\070\004\063\004\103\004\100\004\060\004\106\004\070\004\117\000\040\004\075\004\065\004\071\004\100\004\076\004\075\004\075\004\113\004\105\000\040\004\101\004\065\004\102\004\065\004\071}{subsection.3.3}% 48
\BOOKMARK [3][-]{subsubsection.3.3.4}{\376\377\004\024\004\060\004\075\004\075\004\113\004\065\000\040\004\064\004\073\004\117\000\040\004\076\004\061\004\103\004\107\004\065\004\075\004\070\004\117\000\040\004\074\004\076\004\064\004\065\004\073\004\070}{subsection.3.3}% 49
\BOOKMARK [2][-]{subsection.3.4}{\376\377\004\041\004\102\004\100\004\103\004\072\004\102\004\103\004\100\004\060\000\040\004\100\004\060\004\067\004\100\004\060\004\061\004\060\004\102\004\113\004\062\004\060\004\065\004\074\004\076\004\063\004\076\000\040\004\077\004\100\004\076\004\063\004\100\004\060\004\074\004\074\004\075\004\076\004\063\004\076\000\040\004\072\004\076\004\074\004\077\004\073\004\065\004\072\004\101\004\060}{section.3}% 50
\BOOKMARK [1][-]{section.3}{\376\377\004\032\004\076\004\075\004\101\004\102\004\100\004\103\004\072\004\102\004\076\004\100\004\101\004\072\004\070\004\071\000\040\004\100\004\060\004\067\004\064\004\065\004\073}{}% 51
\BOOKMARK [2][-]{subsection.3.1}{\376\377\004\042\004\100\004\065\004\061\004\076\004\062\004\060\004\075\004\070\004\117\000\040\004\072\000\040\004\100\004\060\004\067\004\100\004\060\004\061\004\060\004\102\004\113\004\062\004\060\004\065\004\074\004\076\004\074\004\103\000\040\004\074\004\065\004\102\004\076\004\064\004\103}{section.3}% 52
\BOOKMARK [2][-]{subsection.3.2}{\376\377\004\042\004\100\004\065\004\061\004\076\004\062\004\060\004\075\004\070\004\117\000\040\004\072\000\040\004\100\004\060\004\067\004\100\004\060\004\061\004\060\004\102\004\113\004\062\004\060\004\065\004\074\004\076\004\074\004\103\000\040\004\077\004\100\004\076\004\063\004\100\004\060\004\074\004\074\004\075\004\076\004\074\004\103\000\040\004\072\004\076\004\074\004\077\004\073\004\065\004\072\004\101\004\103}{section.3}% 53
\BOOKMARK [2][-]{subsection.3.3}{\376\377\004\037\004\100\004\076\004\065\004\072\004\102\004\070\004\100\004\076\004\062\004\060\004\075\004\070\004\065\000\040\004\074\004\065\004\102\004\076\004\064\004\060\000\040\004\103\004\064\004\060\004\073\004\065\004\075\004\070\004\117\000\040\004\110\004\103\004\074\004\076\004\062}{section.3}% 54
\BOOKMARK [3][-]{subsubsection.3.3.1}{\376\377\004\036\004\101\004\075\004\076\004\062\004\075\004\076\004\071\000\040\004\060\004\073\004\063\004\076\004\100\004\070\004\102\004\074\000\040\004\100\004\060\004\061\004\076\004\102\004\113}{subsection.3.3}% 55
\BOOKMARK [3][-]{subsubsection.3.3.2}{\376\377\004\037\004\076\004\064\004\101\004\107\004\065\004\102\000\040\004\072\004\076\004\073\004\070\004\107\004\065\004\101\004\102\004\062\004\060\000\040\004\110\004\103\004\074\004\076\004\062\000\040\004\062\000\040\004\070\004\067\004\076\004\061\004\100\004\060\004\066\004\065\004\075\004\070\004\070}{subsection.3.3}% 56
\BOOKMARK [3][-]{subsubsection.3.3.3}{\376\377\004\032\004\076\004\075\004\104\004\070\004\063\004\103\004\100\004\060\004\106\004\070\004\117\000\040\004\075\004\065\004\071\004\100\004\076\004\075\004\075\004\113\004\105\000\040\004\101\004\065\004\102\004\065\004\071}{subsection.3.3}% 57
\BOOKMARK [3][-]{subsubsection.3.3.4}{\376\377\004\024\004\060\004\075\004\075\004\113\004\065\000\040\004\064\004\073\004\117\000\040\004\076\004\061\004\103\004\107\004\065\004\075\004\070\004\117\000\040\004\074\004\076\004\064\004\065\004\073\004\070}{subsection.3.3}% 58
\BOOKMARK [2][-]{subsection.3.4}{\376\377\004\041\004\102\004\100\004\103\004\072\004\102\004\103\004\100\004\060\000\040\004\100\004\060\004\067\004\100\004\060\004\061\004\060\004\102\004\113\004\062\004\060\004\065\004\074\004\076\004\063\004\076\000\040\004\077\004\100\004\076\004\063\004\100\004\060\004\074\004\074\004\075\004\076\004\063\004\076\000\040\004\072\004\076\004\074\004\077\004\073\004\065\004\072\004\101\004\060}{section.3}% 59
\BOOKMARK [1][-]{section.4}{\376\377\004\042\004\065\004\105\004\075\004\076\004\073\004\076\004\063\004\070\004\107\004\065\004\101\004\072\004\070\004\071\000\040\004\100\004\060\004\067\004\064\004\065\004\073}{}% 60
\BOOKMARK [2][-]{subsection.4.1}{\376\377\004\041\004\100\004\065\004\064\004\101\004\102\004\062\004\060\000\040\004\100\004\065\004\060\004\073\004\070\004\067\004\060\004\106\004\070\004\070\000\040\004\077\004\100\004\076\004\063\004\100\004\060\004\074\004\074\004\075\004\076\004\063\004\076\000\040\004\072\004\076\004\074\004\077\004\073\004\065\004\072\004\101\004\060}{section.4}% 61
\BOOKMARK [3][-]{subsubsection.4.1.1}{\376\377\004\022\004\113\004\061\004\076\004\100\000\040\004\117\004\067\004\113\004\072\004\060\000\040\004\077\004\100\004\076\004\063\004\100\004\060\004\074\004\074\004\070\004\100\004\076\004\062\004\060\004\075\004\070\004\117}{subsection.4.1}% 62
\BOOKMARK [3][-]{subsubsection.4.1.2}{\376\377\004\022\004\113\004\061\004\076\004\100\000\040\004\061\004\070\004\061\004\073\004\070\004\076\004\102\004\065\004\072\000\040\004\064\004\073\004\117\000\040\004\100\004\060\004\067\004\100\004\060\004\061\004\076\004\102\004\072\004\070\000\040\004\037\004\036}{subsection.4.1}% 63
\BOOKMARK [2][-]{subsection.4.2}{\376\377\004\044\004\076\004\100\004\074\004\060\004\102\000\040\004\062\004\105\004\076\004\064\004\075\004\113\004\105\000\040\004\070\000\040\004\062\004\113\004\105\004\076\004\064\004\075\004\113\004\105\000\040\004\064\004\060\004\075\004\075\004\113\004\105}{section.4}% 64
\BOOKMARK [2][-]{subsection.4.3}{\376\377\004\040\004\065\004\060\004\073\004\070\004\067\004\060\004\106\004\070\004\117\000\040\004\077\004\100\004\076\004\063\004\100\004\060\004\074\004\074\004\075\004\076\004\063\004\076\000\040\004\072\004\076\004\074\004\077\004\073\004\065\004\072\004\101\004\060}{section.4}% 65
\BOOKMARK [3][-]{subsubsection.4.3.1}{\376\377\004\035\004\065\004\071\004\100\004\076\004\075\004\075\004\060\004\117\000\040\004\101\004\065\004\102\004\114}{subsection.4.3}% 66
\BOOKMARK [3][-]{subsubsection.4.3.2}{\376\377\004\040\004\065\004\067\004\103\004\073\004\114\004\102\004\060\004\102\004\113\000\040\004\076\004\061\004\103\004\107\004\065\004\075\004\070\004\117\000\040\004\075\004\065\004\071\004\100\004\076\004\075\004\075\004\076\004\071\000\040\004\101\004\065\004\102\004\070}{subsection.4.3}% 67
\BOOKMARK [3][-]{subsubsection.4.3.3}{\376\377\004\040\004\065\004\060\004\073\004\070\004\067\004\060\004\106\004\070\004\117\000\040\004\074\004\065\004\102\004\076\004\064\004\060}{subsection.4.3}% 68
\BOOKMARK [2][-]{subsection.4.4}{\376\377\004\024\004\065\004\074\004\076\004\075\004\101\004\102\004\100\004\060\004\106\004\070\004\117\000\040\004\100\004\060\004\061\004\076\004\102\004\113\000\040\004\077\004\100\004\076\004\063\004\100\004\060\004\074\004\074\004\113}{section.4}% 69
\BOOKMARK [2][-]{subsection.4.5}{\376\377\004\042\004\065\004\101\004\102\004\070\004\100\004\076\004\062\004\060\004\075\004\070\004\065\000\040\004\100\004\060\004\067\004\100\004\060\004\061\004\076\004\102\004\060\004\075\004\075\004\076\004\063\004\076\000\040\004\074\004\065\004\102\004\076\004\064\004\060}{section.4}% 70
\BOOKMARK [1][-]{section.4}{\376\377\004\042\004\065\004\105\004\075\004\076\004\073\004\076\004\063\004\070\004\107\004\065\004\101\004\072\004\070\004\071\000\040\004\100\004\060\004\067\004\064\004\065\004\073}{}% 71
\BOOKMARK [2][-]{subsection.4.1}{\376\377\004\041\004\100\004\065\004\064\004\101\004\102\004\062\004\060\000\040\004\100\004\065\004\060\004\073\004\070\004\067\004\060\004\106\004\070\004\070\000\040\004\077\004\100\004\076\004\063\004\100\004\060\004\074\004\074\004\075\004\076\004\063\004\076\000\040\004\072\004\076\004\074\004\077\004\073\004\065\004\072\004\101\004\060}{section.4}% 72
\BOOKMARK [3][-]{subsubsection.4.1.1}{\376\377\004\022\004\113\004\061\004\076\004\100\000\040\004\117\004\067\004\113\004\072\004\060\000\040\004\077\004\100\004\076\004\063\004\100\004\060\004\074\004\074\004\070\004\100\004\076\004\062\004\060\004\075\004\070\004\117}{subsection.4.1}% 73
\BOOKMARK [3][-]{subsubsection.4.1.2}{\376\377\004\022\004\113\004\061\004\076\004\100\000\040\004\061\004\070\004\061\004\073\004\070\004\076\004\102\004\065\004\072\000\040\004\064\004\073\004\117\000\040\004\100\004\060\004\067\004\100\004\060\004\061\004\076\004\102\004\072\004\070\000\040\004\037\004\036}{subsection.4.1}% 74
\BOOKMARK [2][-]{subsection.4.2}{\376\377\004\044\004\076\004\100\004\074\004\060\004\102\000\040\004\062\004\105\004\076\004\064\004\075\004\113\004\105\000\040\004\070\000\040\004\062\004\113\004\105\004\076\004\064\004\075\004\113\004\105\000\040\004\064\004\060\004\075\004\075\004\113\004\105}{section.4}% 75
\BOOKMARK [2][-]{subsection.4.3}{\376\377\004\040\004\065\004\060\004\073\004\070\004\067\004\060\004\106\004\070\004\117\000\040\004\077\004\100\004\076\004\063\004\100\004\060\004\074\004\074\004\075\004\076\004\063\004\076\000\040\004\072\004\076\004\074\004\077\004\073\004\065\004\072\004\101\004\060}{section.4}% 76
\BOOKMARK [3][-]{subsubsection.4.3.1}{\376\377\004\035\004\065\004\071\004\100\004\076\004\075\004\075\004\060\004\117\000\040\004\101\004\065\004\102\004\114}{subsection.4.3}% 77
\BOOKMARK [3][-]{subsubsection.4.3.2}{\376\377\004\040\004\065\004\067\004\103\004\073\004\114\004\102\004\060\004\102\004\113\000\040\004\076\004\061\004\103\004\107\004\065\004\075\004\070\004\117\000\040\004\075\004\065\004\071\004\100\004\076\004\075\004\075\004\076\004\071\000\040\004\101\004\065\004\102\004\070}{subsection.4.3}% 78
\BOOKMARK [3][-]{subsubsection.4.3.3}{\376\377\004\040\004\065\004\060\004\073\004\070\004\067\004\060\004\106\004\070\004\117\000\040\004\074\004\065\004\102\004\076\004\064\004\060}{subsection.4.3}% 79
\BOOKMARK [2][-]{subsection.4.4}{\376\377\004\024\004\065\004\074\004\076\004\075\004\101\004\102\004\100\004\060\004\106\004\070\004\117\000\040\004\100\004\060\004\061\004\076\004\102\004\113\000\040\004\077\004\100\004\076\004\063\004\100\004\060\004\074\004\074\004\113}{section.4}% 80
\BOOKMARK [2][-]{subsection.4.5}{\376\377\004\042\004\065\004\101\004\102\004\070\004\100\004\076\004\062\004\060\004\075\004\070\004\065\000\040\004\100\004\060\004\067\004\100\004\060\004\061\004\076\004\102\004\060\004\075\004\075\004\076\004\063\004\076\000\040\004\074\004\065\004\102\004\076\004\064\004\060}{section.4}% 81
\BOOKMARK [1][-]{section.5}{\376\377\004\030\004\101\004\101\004\073\004\065\004\064\004\076\004\062\004\060\004\102\004\065\004\073\004\114\004\101\004\072\004\070\004\071\000\040\004\100\004\060\004\067\004\064\004\065\004\073}{}% 82
\BOOKMARK [2][-]{subsection.5.1}{\376\377\004\041\004\100\004\060\004\062\004\075\004\065\004\075\004\070\004\065\000\040\004\115\004\104\004\104\004\065\004\072\004\102\004\070\004\062\004\075\004\076\004\101\004\102\004\070\000\040\004\100\004\065\004\060\004\073\004\070\004\067\004\076\004\062\004\060\004\075\004\075\004\076\004\063\004\076\000\040\004\074\004\065\004\102\004\076\004\064\004\060\000\040\004\101\000\040\004\060\004\075\004\060\004\073\004\076\004\063\004\060\004\074\004\070}{section.5}% 83
\BOOKMARK [2][-]{subsection.5.2}{\376\377\004\030\004\101\004\101\004\073\004\065\004\064\004\076\004\062\004\060\004\075\004\070\004\065\000\040\004\067\004\060\004\062\004\070\004\101\004\070\004\074\004\076\004\101\004\102\004\070\000\040\000P\000S\000N\000R\000\040\004\076\004\102\000\040\004\077\004\076\004\100\004\076\004\063\004\060\000\040\004\077\004\100\004\070\004\074\004\065\004\075\004\065\004\075\004\070\004\117}{section.5}% 84
\BOOKMARK [2][-]{subsection.5.3}{\376\377\004\036\004\106\004\065\004\075\004\072\004\060\000\040\004\100\004\060\004\067\004\100\004\060\004\061\004\076\004\102\004\060\004\075\004\075\004\076\004\063\004\076\000\040\004\077\004\100\004\076\004\063\004\100\004\060\004\074\004\074\004\075\004\076\004\063\004\076\000\040\004\072\004\076\004\074\004\077\004\073\004\065\004\072\004\101\004\060}{section.5}% 85
\BOOKMARK [1][-]{Item.116}{\376\377\004\041\004\037\004\030\004\041\004\036\004\032\000\040\004\030\004\041\004\037\004\036\004\033\004\054\004\027\004\036\004\022\004\020\004\035\004\035\004\053\004\045\000\040\004\030\004\041\004\042\004\036\004\047\004\035\004\030\004\032\004\036\004\022}{}% 86
\BOOKMARK [1][-]{Item.116}{\376\377\004\037\004\040\004\030\004\033\004\036\004\026\004\025\004\035\004\030\004\025\000\040\004\020}{}% 87
\BOOKMARK [1][-]{lstnumber.6.17}{\376\377\004\037\004\040\004\030\004\033\004\036\004\026\004\025\004\035\004\030\004\025\000\040\004\021}{}% 88
